BATSE Trigger 00130
channel 1+2+3+4, DOF =        8181, chi^2/DOF=       3.8769263
       286.73192       31.220221       23.835368       474.85385     -0.10755680
       1.2700558      0.11652631      0.11468172      0.29311899    0.0016569268
BATSE Trigger 00130
channel 1, DOF =        8181, chi^2/DOF=       1.0977452
       90.331887       33.922985       24.497868       177.27734    -0.053823230
      0.75684542      0.21931800      0.22050911      0.17931612    0.0010134603
BATSE Trigger 00130
channel 2, DOF =        8181, chi^2/DOF=       1.7427962
       100.82427       31.695259       23.716071       134.08707    -0.037052997
      0.69420320      0.18487299      0.18023886      0.15617250   0.00088114386
BATSE Trigger 00130
channel 3, DOF =        8181, chi^2/DOF=       2.2146882
       84.376427       28.790163       23.257763       103.30906    -0.020738975
      0.63729403      0.18614506      0.17613865      0.13529851   0.00076977375
BATSE Trigger 00130
channel 4, DOF =        8181, chi^2/DOF=      0.56493660
       8.3361639       19.558915       21.349762       58.569395   -0.0035743628
      0.42962096       1.1311845       1.1554880     0.099173935   0.00057356550
