BATSE Trigger 00143, dual timescale threshold =        3 sigma
channel 1+2+3+4, no. pulses =   2, DOF = 7461, chi^2/DOF=     18.48
       1047.2220     0.025935641
       2.2184567     0.011863568
      0.24710336       14019.843      0.81262446       2.4959058       1.6712642
     0.012963215       91.785620     0.034725858     0.024873678     0.033828206
       9.9358326      0.96128047       58498.347       9085.3410
     0.089635900    0.0033007190       241.86432       280.75135
       44.965676       2823.6814       4.1735936       2.2154609       48.006471
      0.11540616       41.405487      0.56684965     0.085661320      0.24375329
       11.181035      0.87846161       14480.047       1912.2815
      0.37155168     0.010472176       120.33307       59.092511
BATSE Trigger 00143, dual timescale threshold =        0 sigma
channel 1, no. pulses =   2, DOF = 7461, chi^2/DOF=     2.660
       392.35030    -0.023657427
      0.51840140    0.0027464566
      0.28408089       2115.1574      0.77017998       3.0932524       1.8275708
     0.015483461       13.488172     0.036209406     0.032837444     0.040290357
       11.975255      0.96834398       10478.982       1360.4685
      0.11595505    0.0034979178       102.36690       68.683355
       44.449143       609.31669       5.5987811       2.3803527       48.099770
      0.13579599       7.6776469      0.72208673     0.089810047      0.28036304
       12.460821      0.86279964       3513.6312       414.50169
      0.40141464    0.0096249707       59.275891       20.926149
BATSE Trigger 00143, dual timescale threshold =        0 sigma
channel 2, no. pulses =   2, DOF = 7461, chi^2/DOF=     5.437
       295.36455  -0.00081741645
      0.64126358    0.0034162294
      0.22992751       3822.9250      0.91275475       2.6734565       1.7920447
     0.014514816       25.037118     0.039313849     0.027047668     0.037481616
       10.697727      0.95990192       17220.650       2480.7152
     0.097837104    0.0033460698       131.22747       144.34366
       44.773475       847.36539       4.7062509       2.3244676       48.080971
      0.11934246       11.794787      0.60546770     0.085873837      0.25147775
       11.869555      0.87350685       4626.9300       574.73098
      0.37606371    0.0098229036       68.021541       33.441475
BATSE Trigger 00143, dual timescale threshold =        0 sigma
channel 3, no. pulses =   2, DOF = 7461, chi^2/DOF=     11.45
       225.36375     0.022781507
      0.80924153    0.0043547749
      0.13640601       6452.6603       1.0959838       2.2242083       1.6977183
     0.015125317       47.889447     0.048259751     0.024502397     0.038527435
       9.2841869      0.94782547       25740.218       4229.6417
     0.091411180    0.0035421922       160.43758       281.74845
       45.178581       1123.1243       3.6944692       2.1172292       47.975372
      0.11136579       19.430314      0.54059943     0.086390235      0.23985099
       10.554682      0.88358675       5418.5321       759.33284
      0.37118386     0.011381132       73.610680       50.581319
BATSE Trigger 00143, dual timescale threshold =        0 sigma
channel 4, no. pulses =   2, DOF = 7461, chi^2/DOF=     3.342
       135.40197     0.025454985
      0.33515575    0.0018245290
      0.26133847       1773.3773      0.72744783       1.8637534       1.4257196
     0.014981631       15.965936     0.042414278     0.026608441     0.038023629
       7.5699155      0.95579471       5693.9069       1154.9422
     0.097243020    0.0046017720       75.457981       99.253938
       45.425945       259.36041       3.5766220       1.5531103       47.782826
      0.16999768       6.6371670      0.89905176      0.11288182      0.35211289
       8.1015628      0.86434251       971.48492       176.35406
      0.50329537     0.018810347       31.168653       15.155595
