BATSE Trigger 00160
channel 1+2+3+4, DOF =        6244, chi^2/DOF=       1.9457662
       204.62320       10.874619       5.7456556       587.48966    0.0068933888
       2.6344744     0.086381554     0.086048944      0.43374141    0.0027234044
BATSE Trigger 00160
channel 1, DOF =        6244, chi^2/DOF=       1.0023416
       46.736501       9.7890903       6.6818399       209.61401     0.018288441
       1.3697686      0.24802603      0.24913427      0.26325813    0.0016451830
BATSE Trigger 00160
channel 2, DOF =        6244, chi^2/DOF=       1.3590609
       73.906432       10.937971       5.9710806       163.83251    0.0048880918
       1.4750613      0.12188221      0.11952867      0.22840758    0.0014396535
BATSE Trigger 00160
channel 3, DOF =        6244, chi^2/DOF=       1.6876618
       68.947144       11.616502       5.2699428       128.00926   -0.0026406525
       1.4043809      0.11326619      0.10989041      0.20034301    0.0012630363
BATSE Trigger 00160
channel 4, DOF =        6244, chi^2/DOF=      0.91443522
       2.5710957       10.165341       10.581291       81.984822   -0.0040985555
      0.62453933       4.1145103       4.3349789      0.17469160    0.0010448147
