BATSE Trigger 00214
channel 1+2+3+4, DOF =        6244, chi^2/DOF=       1.0574281
       42.407498       10.901164       13.665820       593.52202     0.029910341
       1.6143411      0.59875995      0.63474213      0.48293936    0.0028705115
BATSE Trigger 00214
channel 1, DOF =        6244, chi^2/DOF=      0.93918617
       17.780920       10.266628       17.629105       228.72099   -0.0065275776
      0.92691064      0.92640197      0.99613717      0.31390281    0.0018210951
BATSE Trigger 00214
channel 2, DOF =        6244, chi^2/DOF=      0.97117769
       15.670558       10.520014       15.133488       159.89994    0.0071594742
      0.82867845      0.83209034      0.88135328      0.25421674    0.0015039671
BATSE Trigger 00214
channel 3, DOF =        6244, chi^2/DOF=      0.95901238
       9.4703419       9.7192196       9.4921403       126.32051     0.020974473
      0.88975882       1.0052941       1.0482846      0.21038104    0.0012978563
BATSE Trigger 00214
channel 4, DOF =        6244, chi^2/DOF=      0.88802633
      0.23026282       88.680200       18.417366       74.279227     0.019092427
      0.16557853       41.748843       37.170014     0.092220042   0.00056122852
