BATSE Trigger 00219, dual timescale threshold =        3 sigma
channel 1+2+3+4, no. pulses =   1, DOF = 5930, chi^2/DOF=     10.93
       826.78155      0.16132384
       2.8235775     0.011760909
       66.663163       2189.9892       4098.6669      0.56512361       114.79063
       8.2813833       20.408141       2123.9293     0.097590097       15.535324
       18.145245      0.18524949       20287.549       1564.7839
       2.4816272   0.00043402302       142.43437       54.420054
BATSE Trigger 00219, dual timescale threshold =        0 sigma
channel 1, no. pulses =   1, DOF = 5930, chi^2/DOF=     2.092
       307.38894     0.031496604
      0.75993963    0.0031266407
       102.17350       409.91571       44.394790       3.4106220       114.47853
      0.51602389       3.9549601       5.9393664      0.14388071       1.0055678
       24.663838      0.70787800       4929.1913       286.22317
      0.85594745    0.0060355862       70.208200       16.325281
BATSE Trigger 00219, dual timescale threshold =        0 sigma
channel 2, no. pulses =   1, DOF = 5930, chi^2/DOF=     4.241
       239.59251     0.021366630
      0.94804862    0.0039198631
       94.161479       707.57773       267.65421       1.5610570       114.60221
       1.3969884       6.7994376       56.003155      0.10719975       2.6490097
       20.120682      0.44158552       7182.1885       502.56719
       1.1059517    0.0023633622       84.747794       32.468148
BATSE Trigger 00219, dual timescale threshold =        0 sigma
channel 3, no. pulses =   0, DOF = 5934, chi^2/DOF=     60.40
       309.96546     -0.34641693
       3.7071558     0.014370176
BATSE Trigger 00219, dual timescale threshold =        0 sigma
channel 4, no. pulses =   0, DOF = 5934, chi^2/DOF=     3.200
       107.66335     0.041214498
      0.53521703    0.0022903382
