BATSE Trigger 00226, dual timescale threshold =        3 sigma
channel 1+2+3+4, no. pulses =   1, DOF = 7155, chi^2/DOF=     2.155
       451.01793      0.14736013
      0.68417251    0.0030834749
      -29.530564       201.25052       120.95145       28.873298       29.564844
       1.8162797       1.6452658       12.290264      0.92710978       3.6350589
       167.26732      0.81669228       15912.714       138.36781
       4.5090038    0.0067342685       126.14561       6.5153564
BATSE Trigger 00226, dual timescale threshold =        0 sigma
channel 1, no. pulses =   1, DOF = 7155, chi^2/DOF=     1.025
       139.95651     0.069541415
      0.26436206    0.0012076508
      -13.268888       41.716609       37.633629       47.330368       28.935538
       1.6383470      0.58762710       5.4917194       2.1155302       3.6133460
       210.07638      0.92789939       3863.2089       27.697462
       8.2325492     0.012060227       62.154717       2.3412265
BATSE Trigger 00226, dual timescale threshold =        0 sigma
channel 2, no. pulses =   1, DOF = 7155, chi^2/DOF=     1.346
       128.45728     0.037260131
      0.29206439    0.0013049149
      -19.155927       67.648004       56.056464       39.792095       28.073346
       1.4511456      0.69513634       6.1302563       1.3342268       3.0662493
       191.84087      0.89714508       5879.0951       45.531523
       5.5513495    0.0087763175       76.675258       4.0172866
BATSE Trigger 00226, dual timescale threshold =        0 sigma
channel 3, no. pulses =   1, DOF = 7155, chi^2/DOF=     1.681
       110.86482     0.021226628
      0.29880768    0.0013422866
      -32.777981       83.927254       145.83990       25.604149       28.329356
       2.2531407      0.79584964       17.507508      0.96495788       4.4559723
       157.08395      0.78925903       6292.6712       57.983325
       4.9408369    0.0072905460       79.326359       5.5068880
BATSE Trigger 00226, dual timescale threshold =        0 sigma
channel 4, no. pulses =   1, DOF = 7155, chi^2/DOF=    0.9011
       72.108229     0.014184258
      0.19960693   0.00090282759
      -5.0000000       100.00000       1.0000000       1.0000000      -4.0000000
       103588.40      0.43214810   7.0046543e+09       4.5908864   3.5023271e+09
       4.5825757      0.91651514       204.12251       66.740680
   1.5285409e+09   5.5027472e+08       14.287145       7.8595596
