BATSE Trigger 00249, dual timescale threshold =        3 sigma
channel 1+2+3+4, no. pulses =   1, DOF = 4680, chi^2/DOF=     33.09
       1129.2054     -0.21606104
       3.4471211     0.033213535
      -51.924035       7599.8027       11223.340      0.48623697       21.948846
       10.479750       54.029654       4788.4350     0.069122276       19.640256
       20.812605      0.13949049       80830.362       5432.8185
       2.3414325   0.00015256874       284.30681       161.67346
BATSE Trigger 00249, dual timescale threshold =        0 sigma
channel 1, no. pulses =   1, DOF = 4680, chi^2/DOF=     5.346
       416.56074    -0.096907999
      0.84270134    0.0080492930
      -24.709909       1366.0402       2306.3691      0.95065552       22.114898
       4.2444425       9.4905322       630.71372     0.086377915       7.9707349
       23.287440      0.24131667       16214.893       975.27682
       1.6783616   0.00050607703       127.33771       47.784686
BATSE Trigger 00249, dual timescale threshold =        0 sigma
channel 2, no. pulses =   1, DOF = 4680, chi^2/DOF=     10.87
       311.68040    -0.068019552
       1.0447482     0.010033148
      -103.25634       2180.5066       46459.045      0.33814383       22.082559
       27.981682       15.777517       31146.500     0.075552685       52.385363
       22.574764     0.089691940       25173.512       1559.3334
       3.9892758   6.3735190e-05       158.66163       88.325121
BATSE Trigger 00249, dual timescale threshold =        0 sigma
channel 3, no. pulses =   1, DOF = 4680, chi^2/DOF=     19.86
       258.18804    -0.053960524
       1.2865139     0.012450787
      -112.54035       3343.5918       72085.825      0.25084520       21.930404
       35.718556       26.860248       57501.293     0.066728679       66.873941
       20.133118     0.074651697       34431.464       2391.2713
       4.2350566   4.3727508e-05       185.55717       148.81983
BATSE Trigger 00249, dual timescale threshold =        0 sigma
channel 4, no. pulses =   1, DOF = 4680, chi^2/DOF=     3.708
       143.69182  -0.00073589397
      0.40426668    0.0039333828
      -3.3184933       703.18775       695.13444      0.88537223       21.489827
       2.2094105       6.5373241       187.76478     0.079295924       4.1643367
       16.450840      0.31471154       5879.5309       501.31760
       1.1715253    0.0011080211       76.678099       41.821242
