BATSE Trigger 00269, dual timescale threshold =        3 sigma
channel 1+2+3+4, no. pulses =   1, DOF =  540, chi^2/DOF=    0.8639
       846.33720     -0.27364599
       1.7795303      0.12651946
     -0.44304887       327.26540      0.18433025       1.6294874      0.10500570
     0.028471163       9.1978774     0.048735821     0.095254024     0.079475648
       5.8833356      0.98308389       760.26877       205.64673
      0.31982705     0.016830379       27.572972       7.0688716
BATSE Trigger 00269, dual timescale threshold =        0 sigma
channel 1, no. pulses =   1, DOF =  540, chi^2/DOF=    0.7500
       340.51168     -0.76084709
       1.1756060     0.079678376
     -0.42523027       69.530304      0.19098757       2.3804449      0.24903628
     0.096954587       4.8442910      0.14035580      0.34792450      0.27057722
       8.3820828      0.98730429       225.82868       43.281334
       1.1498018     0.042646718       15.027597       2.3454957
BATSE Trigger 00269, dual timescale threshold =        0 sigma
channel 2, no. pulses =   1, DOF =  540, chi^2/DOF=    0.7186
       225.50075   -0.0073849943
      0.93273217     0.065325365
     -0.43766345       98.437090      0.28817119       1.8616550      0.29478131
     0.068275036       4.3935420      0.12589305      0.18361048      0.17766060
       6.8959804      0.97817345       273.09558       62.436523
      0.62760140     0.029854192       16.525604       4.1578107
BATSE Trigger 00269, dual timescale threshold =        0 sigma
channel 3, no. pulses =   1, DOF =  540, chi^2/DOF=    0.8633
       177.78868      0.19889693
      0.78361401     0.058270917
     -0.59051166       158.73053      0.42569707      0.93979105     0.041996277
     0.050067414       5.4107762      0.13556236     0.076723548      0.11539471
       3.8835510      0.95082790       263.35829       103.75027
      0.28377884     0.025512235       16.228318       7.7810315
BATSE Trigger 00269, dual timescale threshold =        0 sigma
channel 4, no. pulses =   1, DOF =  540, chi^2/DOF=    0.8145
       102.70559      0.34574840
      0.57210018     0.044331066
      -5.0000000       100.00000       1.0000000       1.0000000      -4.0000000
       3554.8352       3.6203223       95349671.      0.39756249       47674835.
       4.5825757      0.91651514       204.12251       66.740680
       20807004.       7490521.4       14.287145       6.5855733
