BATSE Trigger 00351
channel 1+2+3+4, DOF =        3711, chi^2/DOF=       2.1686456
       142.99072       50.366917       22.566559       522.76696     -0.14910599
       1.3125195      0.22996696      0.26627965      0.54167244    0.0064094406
BATSE Trigger 00351
channel 1, DOF =        3711, chi^2/DOF=       1.2772883
       49.087991       53.079044       24.081146       193.82772   -0.0033667117
      0.79110872      0.42680451      0.51128774      0.34873550    0.0042190760
BATSE Trigger 00351
channel 2, DOF =        3711, chi^2/DOF=       1.4627330
       49.228750       50.790037       23.015250       147.93228    -0.025645220
      0.70801099      0.36428206      0.42421237      0.29297113    0.0034798327
BATSE Trigger 00351
channel 3, DOF =        3711, chi^2/DOF=       1.5944125
       42.323392       48.254521       19.998863       112.81296    -0.070492580
      0.64846141      0.34280055      0.38341026      0.23701256    0.0027894822
BATSE Trigger 00351
channel 4, DOF =        3711, chi^2/DOF=       1.0684414
       9.6358965       39.917561       3.5510400       65.808410    -0.056487133
       1.0599607      0.41961860      0.42375663      0.14347845    0.0019232216
