BATSE Trigger 00398, dual timescale threshold =        3 sigma
channel 1+2+3+4, no. pulses =   1, DOF = 3431, chi^2/DOF=    0.7309
       620.19990     -0.33743619
      0.47951258    0.0068376193
      -3.7879147       235.19597       2.2989877       8.0194856      0.50588302
      0.13483812       3.1870117      0.30406066      0.26490450      0.32223554
       31.496316      0.96478177       3090.2814       151.90920
      0.94321353     0.010092978       55.590300       6.0998369
BATSE Trigger 00398, dual timescale threshold =        0 sigma
channel 1, no. pulses =   1, DOF = 3431, chi^2/DOF=    0.5731
       226.54619    -0.065171645
      0.29865903    0.0041964949
      -3.9297854       72.033824       2.3589012       9.6465427      0.84045997
      0.26626931       1.7600073      0.56758217      0.57840663      0.64861630
       37.278661      0.96877719       1110.2073       46.316968
       2.0349777     0.017947130       33.319773       3.0772426
BATSE Trigger 00398, dual timescale threshold =        0 sigma
channel 2, no. pulses =   1, DOF = 3431, chi^2/DOF=    0.5860
       164.55603    -0.089907088
      0.24827591    0.0035290740
      -3.9683895       84.994684       2.4471712       8.2454329      0.52360179
      0.20239759       1.6813809      0.46578134      0.39319536      0.48495797
       32.501468      0.96385519       1154.7034       54.951508
       1.4037095     0.014593532       33.980927       4.2837362
BATSE Trigger 00398, dual timescale threshold =        0 sigma
channel 3, no. pulses =   1, DOF = 3431, chi^2/DOF=    0.5654
       136.66909    -0.098602075
      0.21849116    0.0031779177
      -3.5964476       74.838019       2.5785340       6.0029325      0.33785863
      0.21937270       1.7286363      0.57424783      0.34391373      0.50274219
       24.652085      0.95264885       787.09893       48.882001
       1.2657932     0.017773946       28.055284       4.1813240
BATSE Trigger 00398, dual timescale threshold =        0 sigma
channel 4, no. pulses =   1, DOF = 3431, chi^2/DOF=    0.5303
       93.088649    -0.075405311
      0.18568181    0.0026442593
      -2.9378890       6.1783040       1.4641151       8.4182032      0.57283998
       1.4892783       1.1487727       2.7775437       3.7516232       3.7308543
       31.503074      0.97605056       78.909355       3.9338919
       12.908557      0.13295805       8.8830938      0.40773130
