BATSE Trigger 00408
channel 1+2+3+4, DOF =        4681, chi^2/DOF=       2.0949381
       74.162667       42.139156       30.766460       525.03978     0.069290913
       1.0810657      0.49984281      0.55857501      0.54988895    0.0040889520
BATSE Trigger 00408
channel 1, DOF =        4681, chi^2/DOF=       1.2306128
       24.939178       41.268381       29.032264       180.52524     0.065147379
      0.65523704      0.83580661      0.92560111      0.30965765    0.0023843844
BATSE Trigger 00408
channel 2, DOF =        4681, chi^2/DOF=       1.6439027
       28.913540       42.813722       30.972730       138.52981     0.026026820
      0.56610349      0.67317546      0.74910655      0.28294414    0.0021051521
BATSE Trigger 00408
channel 3, DOF =        4681, chi^2/DOF=       1.6214573
       18.418784       41.897133       31.826335       120.98438   -0.0081488890
      0.51048490      0.99361118       1.1160766      0.27221337    0.0019715279
BATSE Trigger 00408
channel 4, DOF =        4681, chi^2/DOF=       1.0673798
       1.0255893       63.270944       21.009835       82.116755    -0.015025701
      0.50486276       11.790242       12.707676      0.17225800    0.0015691199
