BATSE Trigger 00472
channel 1+2+3+4, DOF =        7498, chi^2/DOF=      0.86051848
       16.961679       7.5982448       29.186870       467.02601     0.023266888
      0.97465200       2.0466758       2.4248353      0.51316515    0.0022858292
BATSE Trigger 00472
channel 1, DOF =        7498, chi^2/DOF=      0.81178645
       5.8999005     -0.26441169       21.710517       140.79069    0.0036176612
      0.67921129       2.2070187       2.4138835      0.22585941    0.0011065789
BATSE Trigger 00472
channel 2, DOF =        7498, chi^2/DOF=      0.83651962
       6.5034720       6.9727081       28.201605       136.88098    0.0080858897
      0.49978332       3.5141403       4.4989551      0.33600010    0.0014090994
BATSE Trigger 00472
channel 3, DOF =        7498, chi^2/DOF=      0.79815820
       22.815066     -0.60315951       2.2278946       117.23217    0.0078236551
       1.7622076      0.23783700      0.23726806      0.16880794   0.00091523734
BATSE Trigger 00472
channel 4, DOF =        7498, chi^2/DOF=      0.78269919
     -0.30110258      -15.759909       18.294085       70.173697    0.0065551162
      0.26581449       30.671365       26.620030     0.075661698   0.00040286989
