BATSE Trigger 00548, dual timescale threshold =        5 sigma
channel 1+2+3+4, no. pulses =   1, DOF = 4368, chi^2/DOF=     1.488
       542.26633     0.020432595
      0.61529719    0.0054370444
      -1.4599307       312.91591       1.9577855       13.888112       3.7544669
      0.10959706       3.2364596      0.19260690      0.30053354      0.28457844
       51.038559      0.97975603       6397.0892       198.04133
       1.0219211    0.0065832495       79.981805       8.5045141
BATSE Trigger 00548, dual timescale threshold =        0 sigma
channel 1, no. pulses =   1, DOF = 4368, chi^2/DOF=     1.084
       214.48774     0.024249129
      0.33434062    0.0029306714
      -3.4117543       73.556013       7.8551235       13.867512       7.0252481
      0.51561256       1.3872532       1.4753236      0.70959245       1.1392098
       58.886281      0.94253427       1876.1051       48.409501
       2.6759903     0.015298516       43.314029       3.3054407
BATSE Trigger 00548, dual timescale threshold =        0 sigma
channel 2, no. pulses =   1, DOF = 4368, chi^2/DOF=     1.213
       150.48173     0.011899581
      0.29232502    0.0025911059
      -2.2682801       112.82225       4.2691450       12.743159       5.1075178
      0.22755974       1.5250236      0.53879345      0.40234217      0.53101085
       50.885996      0.96045611       2416.2396       73.192780
       1.4505321    0.0098181420       49.155260       5.9665923
BATSE Trigger 00548, dual timescale threshold =        0 sigma
channel 3, no. pulses =   1, DOF = 4368, chi^2/DOF=     1.324
       110.80115   -0.0044974724
      0.25828560    0.0023138874
     -0.74195925       129.97211      0.56546124       12.193760       1.8838927
     0.062795867       1.9073391     0.082841444      0.29802603      0.20486663
       41.502025      0.99208859       2031.3803       79.760169
      0.96442277    0.0071859954       45.070837       7.5772902
BATSE Trigger 00548, dual timescale threshold =        0 sigma
channel 4, no. pulses =   1, DOF = 4368, chi^2/DOF=     1.030
       67.842309   -0.0095610552
      0.17274404    0.0015936084
      -1.0240059       11.344533   0.00026139881       9.0455381     -0.97537985
       1.8578543       10.010398     0.046452646       1.7943092       4.7031250
       27.233693      0.99999362       98.352673       6.4007833
       6.1088110      0.31503754       9.9172916      0.77711057
