BATSE Trigger 00543, dual timescale threshold =        3 sigma
channel 1+2+3+4, no. pulses =   1, DOF =  930, chi^2/DOF=     4.865
       568.34035     -0.12233601
       1.8656256     0.099966154
     -0.21628728       1966.6737      0.37301360       1.7768601      0.59783371
     0.017502904       25.025740     0.037856254     0.039397933     0.045765291
       6.7656512      0.97224083       5447.6149       1258.3880
      0.13751371    0.0073349139       73.807960       52.784973
BATSE Trigger 00543, dual timescale threshold =        0 sigma
channel 1, no. pulses =   1, DOF =  930, chi^2/DOF=     1.742
       202.56760     -0.12007081
      0.67685270     0.035903225
     -0.43226009       413.18631       1.1927870       1.9251006       1.0830732
     0.053013994       6.4141925      0.16368769     0.069186540      0.11984520
       8.2680191      0.93891083       1485.4665       272.46057
      0.26359021     0.011183031       38.541750       19.143382
BATSE Trigger 00543, dual timescale threshold =        0 sigma
channel 2, no. pulses =   1, DOF =  930, chi^2/DOF=     2.661
       155.37013    -0.033970485
      0.72182505     0.038646328
     -0.29889791       682.32311      0.74113918       1.6569388      0.80926375
     0.030997150       10.065151     0.086746742     0.046662035     0.073553686
       6.8368771      0.95126536       1993.8178       446.07603
      0.17273192    0.0093338837       44.652187       35.786986
BATSE Trigger 00543, dual timescale threshold =        0 sigma
channel 3, no. pulses =   1, DOF =  930, chi^2/DOF=     2.877
       127.84018    0.0082167027
      0.67074861     0.036411561
     -0.14535951       857.16951      0.20908132       1.4452828      0.40435099
     0.013187630       13.623223     0.026588924     0.034333068     0.037924738
       5.3229152      0.97932869       1826.2718       542.30211
      0.11735544    0.0085020557       42.734902       47.963141
BATSE Trigger 00543, dual timescale threshold =        0 sigma
channel 4, no. pulses =   1, DOF =  930, chi^2/DOF=     1.114
       85.020179     0.018723035
      0.32747770     0.018459603
    -0.052284618       151.13373     0.053826555      0.66318655      0.13665200
     0.035022952       8.2470992     0.040978142     0.059371108     0.080438986
       2.3370816      0.98717965       137.24848       94.210115
      0.19905529     0.043766188       11.715310       10.217309
