BATSE Trigger 00594
channel 1+2+3+4, DOF =        7498, chi^2/DOF=       1.3074140
       118.89557       10.928364       9.4330034       535.75481    -0.012251681
       1.9293851      0.16999979      0.17269047      0.38495587    0.0019960476
BATSE Trigger 00594
channel 1, DOF =        7498, chi^2/DOF=      0.89294270
       25.175472       10.665981       10.471926       210.92913   -0.0028961252
       1.0956134      0.52954900      0.54403047      0.24495453    0.0012614209
BATSE Trigger 00594
channel 2, DOF =        7498, chi^2/DOF=      0.96699329
       41.563089       10.982453       9.4065869       163.07457   -0.0021584279
       1.0783044      0.27013046      0.27333967      0.21230165    0.0011019164
BATSE Trigger 00594
channel 3, DOF =        7498, chi^2/DOF=       1.1700114
       45.593027       11.005907       8.7955805       107.54759  -0.00057243020
      0.96521750      0.19865123      0.19939723      0.17109100   0.00089205688
BATSE Trigger 00594
channel 4, DOF =        7498, chi^2/DOF=      0.83335618
       3.7751261       8.6247866       8.3514788       51.461794   -0.0017102852
      0.63665773       1.3955173       1.4205940      0.11715343   0.00061570237
