BATSE Trigger 00612
channel 1+2+3+4, DOF =        6244, chi^2/DOF=       1.2468252
       501.33170       8.0924315       2.6891886       565.60695   -0.0096358028
       4.4825158     0.025142386     0.024523968      0.41026390    0.0026338743
BATSE Trigger 00612
channel 1, DOF =        6244, chi^2/DOF=      0.94976135
       108.43581       8.4164001       3.0628817       199.43917     0.012668234
       2.2698676     0.070389240     0.069764654      0.24457597    0.0015727685
BATSE Trigger 00612
channel 2, DOF =        6244, chi^2/DOF=       1.0289568
       166.80742       8.1379707       2.9248134       157.21750    0.0068506422
       2.3577121     0.042870336     0.041731401      0.21691013    0.0013956274
BATSE Trigger 00612
channel 3, DOF =        6244, chi^2/DOF=       1.0994371
       206.66697       7.9168869       2.3941737       125.89974   -0.0098228608
       2.6051396     0.030292177     0.028835756      0.19306996    0.0012378957
BATSE Trigger 00612
channel 4, DOF =        6244, chi^2/DOF=      0.91361729
       20.098248       7.5345619       1.6679415       79.868335    -0.014012011
       1.7979178      0.16798599      0.16970998      0.15258675   0.00097843111
