BATSE Trigger 00647, dual timescale threshold =        3 sigma
channel 1+2+3+4, no. pulses =   1, DOF = 4368, chi^2/DOF=     3.014
       537.31863    -0.095893993
      0.87189967    0.0076968657
     -0.60816015       745.10073       1.0396163       13.537072       3.1432877
     0.049484583       5.8771848     0.078665608      0.19192250      0.15264551
       47.525512      0.98776659       13705.540       463.54529
      0.63352764    0.0043293564       117.07066       19.997524
BATSE Trigger 00647, dual timescale threshold =        0 sigma
channel 1, no. pulses =   1, DOF = 4368, chi^2/DOF=     1.177
       204.91385    -0.052762277
      0.34502166    0.0029614593
     -0.59095412       141.22616       1.5401029       17.126992       4.5449324
      0.11287412       1.7063895      0.18078663      0.41084299      0.32772192
       60.791053      0.98602340       3352.4069       88.250282
       1.3647401    0.0070303328       57.899973       6.1649626
BATSE Trigger 00647, dual timescale threshold =        0 sigma
channel 2, no. pulses =   1, DOF = 4368, chi^2/DOF=     1.612
       147.05103    -0.033566511
      0.33477926    0.0029500865
     -0.62874215       266.03308       1.4601783       13.311919       3.7800871
     0.064802111       2.3367202      0.11561394      0.21378509      0.18951836
       47.949395      0.98350841       5037.1844       167.17456
      0.71765447    0.0049843990       70.973124       13.785932
BATSE Trigger 00647, dual timescale threshold =        0 sigma
channel 3, no. pulses =   1, DOF = 4368, chi^2/DOF=     2.808
       116.92817    -0.011144964
      0.38658294    0.0034683323
     -0.53258883       336.66464      0.76909306       11.633807       2.4586451
     0.047727852       3.6132075     0.076883880      0.19892135      0.15901520
       40.443818      0.98923609       5226.0052       208.57276
      0.65308346    0.0054663574       72.291114       19.288481
BATSE Trigger 00647, dual timescale threshold =        0 sigma
channel 4, no. pulses =   1, DOF = 4368, chi^2/DOF=     1.058
       69.723716  -3.9251374e-08
      0.17876306    0.0016309290
     -0.25617793       25.439300   0.00011666041       10.460716     -0.22124440
     0.033163248       15.008790     0.021751529      0.90759616       3.2568766
       31.451938      0.99999753       254.00226       14.333349
       3.4818151      0.20617204       15.937448       1.7165537
