BATSE Trigger 01114, dual timescale threshold =        3 sigma
channel 1+2+3+4, no. pulses =   1, DOF = 4680, chi^2/DOF=     1.628
       526.65551    -0.095278874
      0.50501271    0.0049314234
      -283.41411       430.68719       3989672.5     0.020447460       2.2056868
       1233.7010       6.9692570       51592787.     0.088483164       2305.3075
       8.3717475     0.014653831       1844.8291       308.07112
       28.629489   5.3636907e-06       42.951474       13.424177
BATSE Trigger 01114, dual timescale threshold =        0 sigma
channel 1, no. pulses =   1, DOF = 4680, chi^2/DOF=     1.144
       220.34914    -0.052592347
      0.27360567    0.0026700369
     -0.50000000       50.000000       3.0000000      0.10000000     0.047722558
       10.741876       3.8474949       0.0000000   0.00021825759       10.741876
      0.86444611      0.61947697       21.384946       35.169818
    0.0014718480   6.3915922e-05       4.6243860       2.3692694
BATSE Trigger 01114, dual timescale threshold =        0 sigma
channel 2, no. pulses =   1, DOF = 4680, chi^2/DOF=     1.312
       154.00447    -0.030517737
      0.24525904    0.0023938165
     -0.50000000       50.000000       3.0000000      0.10000000     0.047722558
       6.5128845       3.6388431       0.0000000   0.00034829097       6.5128845
      0.86444611      0.61947697       21.384946       35.169818
    0.0023487448   0.00010199571       4.6243860       2.8340235
BATSE Trigger 01114, dual timescale threshold =        0 sigma
channel 3, no. pulses =   1, DOF = 4680, chi^2/DOF=     1.260
       101.30461    -0.012188994
      0.19542574    0.0019067178
     -0.30014141       134.80350      0.20965421       2.3206396      0.39737696
     0.036912901       3.9211760     0.057660265      0.11870190      0.10431204
       8.2396954      0.98596854       433.21833       84.187655
      0.39503127     0.016434763       20.813898       8.3643810
BATSE Trigger 01114, dual timescale threshold =        0 sigma
channel 4, no. pulses =   0, DOF = 4684, chi^2/DOF=     1.045
       52.679711  -0.00088057832
      0.12547308    0.0012532023
