BATSE Trigger 01711
channel 1+2+3+4, DOF =        6244, chi^2/DOF=       14.164775
       698.97248       3.2565757       2.8796110       900.14074      0.35031432
       5.0181019     0.024324512     0.020987868      0.51827463    0.0033950741
BATSE Trigger 01711
channel 1, DOF =        6244, chi^2/DOF=       2.2697212
       204.22098       3.2202144       2.7245841       296.85028    -0.011571317
       2.8099956     0.048566886     0.043676856      0.29892059    0.0019130881
BATSE Trigger 01711
channel 2, DOF =        6244, chi^2/DOF=       5.1092867
       240.14270       3.2381557       2.7057284       249.54368     0.018342974
       2.6850922     0.040856397     0.035461288      0.27426685    0.0017657431
BATSE Trigger 01711
channel 3, DOF =        6244, chi^2/DOF=       8.7773693
       171.25416       3.2088625       3.1414653       206.33540      0.14718034
       2.4970071     0.045502478     0.037562726      0.24695727    0.0016466270
BATSE Trigger 01711
channel 4, DOF =        6244, chi^2/DOF=       1.5939347
       31.343165       3.8472401       2.5560203       144.33007      0.20161722
       1.7179642      0.23224161      0.22406390      0.20524246    0.0014098537
